# JRE version: Java(TM) SE Runtime Environment (14.0.2+12) (build 14.0.2+12-46)
# Java VM: Java HotSpot(TM) 64-Bit Server VM (14.0.2+12-46, mixed mode, sharing, tiered, compressed oops, parallel gc, windows-amd64)
Heap:
 PSYoungGen      total 4608K, used 3437K [0x00000000eab00000, 0x00000000eb180000, 0x0000000100000000)
  eden space 4096K, 76% used [0x00000000eab00000,0x00000000eae13518,0x00000000eaf00000)
  from space 512K, 56% used [0x00000000eb100000,0x00000000eb148000,0x00000000eb180000)
  to   space 512K, 0% used [0x00000000eb080000,0x00000000eb080000,0x00000000eb100000)
 ParOldGen       total 148480K, used 122127K [0x00000000c0000000, 0x00000000c9100000, 0x00000000eab00000)
  object space 148480K, 82% used [0x00000000c0000000,0x00000000c7743e08,0x00000000c9100000)
 Metaspace       used 76938K, capacity 80718K, committed 80856K, reserved 1120256K
  class space    used 7979K, capacity 9394K, committed 9472K, reserved 1048576K
GC Heap History (20 events):
Event: 250.580 GC heap before
{Heap before GC invocations=368 (full 12):
 PSYoungGen      total 5120K, used 5104K [0x00000000eab00000, 0x00000000eb700000, 0x0000000100000000)
  eden space 4096K, 100% used [0x00000000eab00000,0x00000000eaf00000,0x00000000eaf00000)
  from space 1024K, 98% used [0x00000000eb200000,0x00000000eb2fc010,0x00000000eb300000)
  to   space 3072K, 0% used [0x00000000eaf00000,0x00000000eaf00000,0x00000000eb200000)
 ParOldGen       total 148480K, used 116819K [0x00000000c0000000, 0x00000000c9100000, 0x00000000eab00000)
  object space 148480K, 78% used [0x00000000c0000000,0x00000000c7214d38,0x00000000c9100000)
 Metaspace       used 76709K, capacity 80440K, committed 80600K, reserved 1120256K
  class space    used 7968K, capacity 9388K, committed 9472K, reserved 1048576K
}
Event: 250.583 GC heap after
{Heap after GC invocations=368 (full 12):
 PSYoungGen      total 4608K, used 384K [0x00000000eab00000, 0x00000000eb280000, 0x0000000100000000)
  eden space 4096K, 0% used [0x00000000eab00000,0x00000000eab00000,0x00000000eaf00000)
  from space 512K, 75% used [0x00000000eaf00000,0x00000000eaf60000,0x00000000eaf80000)
  to   space 1536K, 0% used [0x00000000eb100000,0x00000000eb100000,0x00000000eb280000)
 ParOldGen       total 148480K, used 117855K [0x00000000c0000000, 0x00000000c9100000, 0x00000000eab00000)
  object space 148480K, 79% used [0x00000000c0000000,0x00000000c7317c18,0x00000000c9100000)
 Metaspace       used 76709K, capacity 80440K, committed 80600K, reserved 1120256K
  class space    used 7968K, capacity 9388K, committed 9472K, reserved 1048576K
}
Event: 250.624 GC heap before
{Heap before GC invocations=369 (full 12):
 PSYoungGen      total 4608K, used 4480K [0x00000000eab00000, 0x00000000eb280000, 0x0000000100000000)
  eden space 4096K, 100% used [0x00000000eab00000,0x00000000eaf00000,0x00000000eaf00000)
  from space 512K, 75% used [0x00000000eaf00000,0x00000000eaf60000,0x00000000eaf80000)
  to   space 1536K, 0% used [0x00000000eb100000,0x00000000eb100000,0x00000000eb280000)
 ParOldGen       total 148480K, used 117855K [0x00000000c0000000, 0x00000000c9100000, 0x00000000eab00000)
  object space 148480K, 79% used [0x00000000c0000000,0x00000000c7317c18,0x00000000c9100000)
 Metaspace       used 76712K, capacity 80440K, committed 80600K, reserved 1120256K
  class space    used 7968K, capacity 9388K, committed 9472K, reserved 1048576K
}
Event: 250.627 GC heap after
{Heap after GC invocations=369 (full 12):
 PSYoungGen      total 5632K, used 1375K [0x00000000eab00000, 0x00000000eb300000, 0x0000000100000000)
  eden space 4096K, 0% used [0x00000000eab00000,0x00000000eab00000,0x00000000eaf00000)
  from space 1536K, 89% used [0x00000000eb100000,0x00000000eb257c60,0x00000000eb280000)
  to   space 2048K, 0% used [0x00000000eaf00000,0x00000000eaf00000,0x00000000eb100000)
 ParOldGen       total 148480K, used 118167K [0x00000000c0000000, 0x00000000c9100000, 0x00000000eab00000)
  object space 148480K, 79% used [0x00000000c0000000,0x00000000c7365c18,0x00000000c9100000)
 Metaspace       used 76712K, capacity 80440K, committed 80600K, reserved 1120256K
  class space    used 7968K, capacity 9388K, committed 9472K, reserved 1048576K
}
Event: 250.647 GC heap before
{Heap before GC invocations=370 (full 12):
 PSYoungGen      total 5632K, used 5470K [0x00000000eab00000, 0x00000000eb300000, 0x0000000100000000)
  eden space 4096K, 99% used [0x00000000eab00000,0x00000000eaeffc38,0x00000000eaf00000)
  from space 1536K, 89% used [0x00000000eb100000,0x00000000eb257c60,0x00000000eb280000)
  to   space 2048K, 0% used [0x00000000eaf00000,0x00000000eaf00000,0x00000000eb100000)
 ParOldGen       total 148480K, used 118167K [0x00000000c0000000, 0x00000000c9100000, 0x00000000eab00000)
  object space 148480K, 79% used [0x00000000c0000000,0x00000000c7365c18,0x00000000c9100000)
 Metaspace       used 76714K, capacity 80440K, committed 80600K, reserved 1120256K
  class space    used 7968K, capacity 9388K, committed 9472K, reserved 1048576K
}
Event: 250.651 GC heap after
{Heap after GC invocations=370 (full 12):
 PSYoungGen      total 5632K, used 1216K [0x00000000eab00000, 0x00000000eb200000, 0x0000000100000000)
  eden space 4096K, 0% used [0x00000000eab00000,0x00000000eab00000,0x00000000eaf00000)
  from space 1536K, 79% used [0x00000000eaf00000,0x00000000eb030000,0x00000000eb080000)
  to   space 1536K, 0% used [0x00000000eb080000,0x00000000eb080000,0x00000000eb200000)
 ParOldGen       total 148480K, used 119383K [0x00000000c0000000, 0x00000000c9100000, 0x00000000eab00000)
  object space 148480K, 80% used [0x00000000c0000000,0x00000000c7495f18,0x00000000c9100000)
 Metaspace       used 76714K, capacity 80440K, committed 80600K, reserved 1120256K
  class space    used 7968K, capacity 9388K, committed 9472K, reserved 1048576K
}
Event: 250.672 GC heap before
{Heap before GC invocations=371 (full 12):
 PSYoungGen      total 5632K, used 5312K [0x00000000eab00000, 0x00000000eb200000, 0x0000000100000000)
  eden space 4096K, 100% used [0x00000000eab00000,0x00000000eaf00000,0x00000000eaf00000)
  from space 1536K, 79% used [0x00000000eaf00000,0x00000000eb030000,0x00000000eb080000)
  to   space 1536K, 0% used [0x00000000eb080000,0x00000000eb080000,0x00000000eb200000)
 ParOldGen       total 148480K, used 119383K [0x00000000c0000000, 0x00000000c9100000, 0x00000000eab00000)
  object space 148480K, 80% used [0x00000000c0000000,0x00000000c7495f18,0x00000000c9100000)
 Metaspace       used 76719K, capacity 80440K, committed 80600K, reserved 1120256K
  class space    used 7968K, capacity 9388K, committed 9472K, reserved 1048576K
}
Event: 250.675 GC heap after
{Heap after GC invocations=371 (full 12):
 PSYoungGen      total 5120K, used 768K [0x00000000eab00000, 0x00000000eb180000, 0x0000000100000000)
  eden space 4096K, 0% used [0x00000000eab00000,0x00000000eab00000,0x00000000eaf00000)
  from space 1024K, 75% used [0x00000000eb080000,0x00000000eb140000,0x00000000eb180000)
  to   space 1024K, 0% used [0x00000000eaf80000,0x00000000eaf80000,0x00000000eb080000)
 ParOldGen       total 148480K, used 119751K [0x00000000c0000000, 0x00000000c9100000, 0x00000000eab00000)
  object space 148480K, 80% used [0x00000000c0000000,0x00000000c74f1f18,0x00000000c9100000)
 Metaspace       used 76719K, capacity 80440K, committed 80600K, reserved 1120256K
  class space    used 7968K, capacity 9388K, committed 9472K, reserved 1048576K
}
Event: 250.706 GC heap before
{Heap before GC invocations=372 (full 12):
 PSYoungGen      total 5120K, used 4864K [0x00000000eab00000, 0x00000000eb180000, 0x0000000100000000)
  eden space 4096K, 100% used [0x00000000eab00000,0x00000000eaf00000,0x00000000eaf00000)
  from space 1024K, 75% used [0x00000000eb080000,0x00000000eb140000,0x00000000eb180000)
  to   space 1024K, 0% used [0x00000000eaf80000,0x00000000eaf80000,0x00000000eb080000)
 ParOldGen       total 148480K, used 119751K [0x00000000c0000000, 0x00000000c9100000, 0x00000000eab00000)
  object space 148480K, 80% used [0x00000000c0000000,0x00000000c74f1f18,0x00000000c9100000)
 Metaspace       used 76722K, capacity 80440K, committed 80600K, reserved 1120256K
  class space    used 7968K, capacity 9388K, committed 9472K, reserved 1048576K
}
Event: 250.710 GC heap after
{Heap after GC invocations=372 (full 12):
 PSYoungGen      total 5120K, used 224K [0x00000000eab00000, 0x00000000eb100000, 0x0000000100000000)
  eden space 4096K, 0% used [0x00000000eab00000,0x00000000eab00000,0x00000000eaf00000)
  from space 1024K, 21% used [0x00000000eaf80000,0x00000000eafb8000,0x00000000eb080000)
  to   space 512K, 0% used [0x00000000eb080000,0x00000000eb080000,0x00000000eb100000)
 ParOldGen       total 148480K, used 120135K [0x00000000c0000000, 0x00000000c9100000, 0x00000000eab00000)
  object space 148480K, 80% used [0x00000000c0000000,0x00000000c7551f18,0x00000000c9100000)
 Metaspace       used 76722K, capacity 80440K, committed 80600K, reserved 1120256K
  class space    used 7968K, capacity 9388K, committed 9472K, reserved 1048576K
}
Event: 251.036 GC heap before
{Heap before GC invocations=373 (full 12):
 PSYoungGen      total 5120K, used 4320K [0x00000000eab00000, 0x00000000eb100000, 0x0000000100000000)
  eden space 4096K, 100% used [0x00000000eab00000,0x00000000eaf00000,0x00000000eaf00000)
  from space 1024K, 21% used [0x00000000eaf80000,0x00000000eafb8000,0x00000000eb080000)
  to   space 512K, 0% used [0x00000000eb080000,0x00000000eb080000,0x00000000eb100000)
 ParOldGen       total 148480K, used 120135K [0x00000000c0000000, 0x00000000c9100000, 0x00000000eab00000)
  object space 148480K, 80% used [0x00000000c0000000,0x00000000c7551f18,0x00000000c9100000)
 Metaspace       used 76729K, capacity 80440K, committed 80600K, reserved 1120256K
  class space    used 7968K, capacity 9388K, committed 9472K, reserved 1048576K
}
Event: 251.038 GC heap after
{Heap after GC invocations=373 (full 12):
 PSYoungGen      total 4608K, used 496K [0x00000000eab00000, 0x00000000eb100000, 0x0000000100000000)
  eden space 4096K, 0% used [0x00000000eab00000,0x00000000eab00000,0x00000000eaf00000)
  from space 512K, 96% used [0x00000000eb080000,0x00000000eb0fc010,0x00000000eb100000)
  to   space 1024K, 0% used [0x00000000eaf00000,0x00000000eaf00000,0x00000000eb000000)
 ParOldGen       total 148480K, used 120327K [0x00000000c0000000, 0x00000000c9100000, 0x00000000eab00000)
  object space 148480K, 81% used [0x00000000c0000000,0x00000000c7581f18,0x00000000c9100000)
 Metaspace       used 76729K, capacity 80440K, committed 80600K, reserved 1120256K
  class space    used 7968K, capacity 9388K, committed 9472K, reserved 1048576K
}
Event: 251.066 GC heap before
{Heap before GC invocations=374 (full 12):
 PSYoungGen      total 4608K, used 4592K [0x00000000eab00000, 0x00000000eb100000, 0x0000000100000000)
  eden space 4096K, 100% used [0x00000000eab00000,0x00000000eaf00000,0x00000000eaf00000)
  from space 512K, 96% used [0x00000000eb080000,0x00000000eb0fc010,0x00000000eb100000)
  to   space 1024K, 0% used [0x00000000eaf00000,0x00000000eaf00000,0x00000000eb000000)
 ParOldGen       total 148480K, used 120327K [0x00000000c0000000, 0x00000000c9100000, 0x00000000eab00000)
  object space 148480K, 81% used [0x00000000c0000000,0x00000000c7581f18,0x00000000c9100000)
 Metaspace       used 76730K, capacity 80440K, committed 80600K, reserved 1120256K
  class space    used 7968K, capacity 9388K, committed 9472K, reserved 1048576K
}
Event: 251.071 GC heap after
{Heap after GC invocations=374 (full 12):
 PSYoungGen      total 5120K, used 1024K [0x00000000eab00000, 0x00000000eb300000, 0x0000000100000000)
  eden space 4096K, 0% used [0x00000000eab00000,0x00000000eab00000,0x00000000eaf00000)
  from space 1024K, 100% used [0x00000000eaf00000,0x00000000eb000000,0x00000000eb000000)
  to   space 2048K, 0% used [0x00000000eb100000,0x00000000eb100000,0x00000000eb300000)
 ParOldGen       total 148480K, used 120964K [0x00000000c0000000, 0x00000000c9100000, 0x00000000eab00000)
  object space 148480K, 81% used [0x00000000c0000000,0x00000000c76213b8,0x00000000c9100000)
 Metaspace       used 76730K, capacity 80440K, committed 80600K, reserved 1120256K
  class space    used 7968K, capacity 9388K, committed 9472K, reserved 1048576K
}
Event: 251.757 GC heap before
{Heap before GC invocations=375 (full 12):
 PSYoungGen      total 5120K, used 5120K [0x00000000eab00000, 0x00000000eb300000, 0x0000000100000000)
  eden space 4096K, 100% used [0x00000000eab00000,0x00000000eaf00000,0x00000000eaf00000)
  from space 1024K, 100% used [0x00000000eaf00000,0x00000000eb000000,0x00000000eb000000)
  to   space 2048K, 0% used [0x00000000eb100000,0x00000000eb100000,0x00000000eb300000)
 ParOldGen       total 148480K, used 120964K [0x00000000c0000000, 0x00000000c9100000, 0x00000000eab00000)
  object space 148480K, 81% used [0x00000000c0000000,0x00000000c76213b8,0x00000000c9100000)
 Metaspace       used 76737K, capacity 80440K, committed 80600K, reserved 1120256K
  class space    used 7968K, capacity 9388K, committed 9472K, reserved 1048576K
}
Event: 251.760 GC heap after
{Heap after GC invocations=375 (full 12):
 PSYoungGen      total 4608K, used 256K [0x00000000eab00000, 0x00000000eb180000, 0x0000000100000000)
  eden space 4096K, 0% used [0x00000000eab00000,0x00000000eab00000,0x00000000eaf00000)
  from space 512K, 50% used [0x00000000eb100000,0x00000000eb140000,0x00000000eb180000)
  to   space 1024K, 0% used [0x00000000eaf80000,0x00000000eaf80000,0x00000000eb080000)
 ParOldGen       total 148480K, used 122007K [0x00000000c0000000, 0x00000000c9100000, 0x00000000eab00000)
  object space 148480K, 82% used [0x00000000c0000000,0x00000000c7725e08,0x00000000c9100000)
 Metaspace       used 76737K, capacity 80440K, committed 80600K, reserved 1120256K
  class space    used 7968K, capacity 9388K, committed 9472K, reserved 1048576K
}
Event: 251.785 GC heap before
{Heap before GC invocations=376 (full 12):
 PSYoungGen      total 4608K, used 4352K [0x00000000eab00000, 0x00000000eb180000, 0x0000000100000000)
  eden space 4096K, 100% used [0x00000000eab00000,0x00000000eaf00000,0x00000000eaf00000)
  from space 512K, 50% used [0x00000000eb100000,0x00000000eb140000,0x00000000eb180000)
  to   space 1024K, 0% used [0x00000000eaf80000,0x00000000eaf80000,0x00000000eb080000)
 ParOldGen       total 148480K, used 122007K [0x00000000c0000000, 0x00000000c9100000, 0x00000000eab00000)
  object space 148480K, 82% used [0x00000000c0000000,0x00000000c7725e08,0x00000000c9100000)
 Metaspace       used 76740K, capacity 80440K, committed 80600K, reserved 1120256K
  class space    used 7968K, capacity 9388K, committed 9472K, reserved 1048576K
}
Event: 251.787 GC heap after
{Heap after GC invocations=376 (full 12):
 PSYoungGen      total 5120K, used 224K [0x00000000eab00000, 0x00000000eb180000, 0x0000000100000000)
  eden space 4096K, 0% used [0x00000000eab00000,0x00000000eab00000,0x00000000eaf00000)
  from space 1024K, 21% used [0x00000000eaf80000,0x00000000eafb8000,0x00000000eb080000)
  to   space 512K, 0% used [0x00000000eb100000,0x00000000eb100000,0x00000000eb180000)
 ParOldGen       total 148480K, used 122103K [0x00000000c0000000, 0x00000000c9100000, 0x00000000eab00000)
  object space 148480K, 82% used [0x00000000c0000000,0x00000000c773de08,0x00000000c9100000)
 Metaspace       used 76740K, capacity 80440K, committed 80600K, reserved 1120256K
  class space    used 7968K, capacity 9388K, committed 9472K, reserved 1048576K
}
Event: 419.967 GC heap before
{Heap before GC invocations=377 (full 12):
 PSYoungGen      total 5120K, used 4320K [0x00000000eab00000, 0x00000000eb180000, 0x0000000100000000)
  eden space 4096K, 100% used [0x00000000eab00000,0x00000000eaf00000,0x00000000eaf00000)
  from space 1024K, 21% used [0x00000000eaf80000,0x00000000eafb8000,0x00000000eb080000)
  to   space 512K, 0% used [0x00000000eb100000,0x00000000eb100000,0x00000000eb180000)
 ParOldGen       total 148480K, used 122103K [0x00000000c0000000, 0x00000000c9100000, 0x00000000eab00000)
  object space 148480K, 82% used [0x00000000c0000000,0x00000000c773de08,0x00000000c9100000)
 Metaspace       used 76936K, capacity 80718K, committed 80856K, reserved 1120256K
  class space    used 7979K, capacity 9394K, committed 9472K, reserved 1048576K
}
Event: 420.128 GC heap after
{Heap after GC invocations=377 (full 12):
 PSYoungGen      total 4608K, used 288K [0x00000000eab00000, 0x00000000eb180000, 0x0000000100000000)
  eden space 4096K, 0% used [0x00000000eab00000,0x00000000eab00000,0x00000000eaf00000)
  from space 512K, 56% used [0x00000000eb100000,0x00000000eb148000,0x00000000eb180000)
  to   space 512K, 0% used [0x00000000eb080000,0x00000000eb080000,0x00000000eb100000)
 ParOldGen       total 148480K, used 122127K [0x00000000c0000000, 0x00000000c9100000, 0x00000000eab00000)
  object space 148480K, 82% used [0x00000000c0000000,0x00000000c7743e08,0x00000000c9100000)
 Metaspace       used 76936K, capacity 80718K, committed 80856K, reserved 1120256K
  class space    used 7979K, capacity 9394K, committed 9472K, reserved 1048576K
}

